15:46:44.028 [main] INFO  testCases.TC001_RegistrationTest - ------------Reached the home page-------------------
15:46:45.674 [main] INFO  testCases.TC001_RegistrationTest - ------------Clicked on register page-------------------
15:46:45.679 [main] INFO  testCases.TC001_RegistrationTest - ------------providing customer details-------------------
15:53:27.513 [main] INFO  testCases.TC001_RegistrationTest - ------------Reached the home page-------------------
15:53:29.399 [main] INFO  testCases.TC001_RegistrationTest - ------------Clicked on register page-------------------
15:53:29.412 [main] INFO  testCases.TC001_RegistrationTest - ------------providing customer details-------------------
13:13:34.369 [main] INFO  testCases.TC001_RegistrationTest - ------------Reached the home page-------------------
13:13:34.978 [main] INFO  testCases.TC001_RegistrationTest - ------------Clicked on register page-------------------
13:13:34.982 [main] INFO  testCases.TC001_RegistrationTest - ------------providing customer details-------------------
13:38:53.807 [main] INFO  testCases.TC001_RegistrationTest - ------------Reached the home page-------------------
13:38:54.380 [main] INFO  testCases.TC001_RegistrationTest - ------------Clicked on register page-------------------
13:38:54.382 [main] INFO  testCases.TC001_RegistrationTest - ------------providing customer details-------------------
13:48:18.103 [main] INFO  testCases.TC001_RegistrationTest - ------------Reached the home page-------------------
13:48:18.655 [main] INFO  testCases.TC001_RegistrationTest - ------------Clicked on register page-------------------
13:48:18.657 [main] INFO  testCases.TC001_RegistrationTest - ------------providing customer details-------------------
13:48:26.648 [main] INFO  testCases.TC001_RegistrationTest - ------------Reached the home page-------------------
13:48:27.313 [main] INFO  testCases.TC001_RegistrationTest - ------------Clicked on register page-------------------
13:48:27.314 [main] INFO  testCases.TC001_RegistrationTest - ------------providing customer details-------------------
13:48:44.960 [main] INFO  testCases.TC001_RegistrationTest - ------------Reached the home page-------------------
13:48:45.543 [main] INFO  testCases.TC001_RegistrationTest - ------------Clicked on register page-------------------
13:48:45.544 [main] INFO  testCases.TC001_RegistrationTest - ------------providing customer details-------------------
13:51:40.482 [TestNG-tests-1] INFO  testCases.TC001_RegistrationTest - ------------Reached the home page-------------------
13:51:40.616 [TestNG-tests-2] INFO  testCases.TC001_RegistrationTest - ------------Reached the home page-------------------
13:51:41.094 [TestNG-tests-1] INFO  testCases.TC001_RegistrationTest - ------------Clicked on register page-------------------
13:51:41.096 [TestNG-tests-1] INFO  testCases.TC001_RegistrationTest - ------------providing customer details-------------------
13:51:41.227 [TestNG-tests-2] INFO  testCases.TC001_RegistrationTest - ------------Clicked on register page-------------------
13:51:41.228 [TestNG-tests-2] INFO  testCases.TC001_RegistrationTest - ------------providing customer details-------------------
13:51:58.885 [TestNG-tests-3] INFO  testCases.TC001_RegistrationTest - ------------Reached the home page-------------------
13:51:59.403 [TestNG-tests-3] INFO  testCases.TC001_RegistrationTest - ------------Clicked on register page-------------------
13:51:59.404 [TestNG-tests-3] INFO  testCases.TC001_RegistrationTest - ------------providing customer details-------------------
16:14:13.202 [TestNG-tests-2] INFO  testCases.TC001_RegistrationTest - ------------Reached the home page-------------------
16:14:14.107 [TestNG-tests-2] INFO  testCases.TC001_RegistrationTest - ------------Clicked on register page-------------------
16:14:14.112 [TestNG-tests-2] INFO  testCases.TC001_RegistrationTest - ------------providing customer details-------------------
16:14:14.357 [TestNG-tests-1] INFO  testCases.TC001_RegistrationTest - ------------Reached the home page-------------------
16:14:15.082 [TestNG-tests-1] INFO  testCases.TC001_RegistrationTest - ------------Clicked on register page-------------------
16:14:15.087 [TestNG-tests-1] INFO  testCases.TC001_RegistrationTest - ------------providing customer details-------------------
16:14:26.511 [TestNG-tests-3] INFO  testCases.TC001_RegistrationTest - ------------Reached the home page-------------------
16:14:27.254 [TestNG-tests-3] INFO  testCases.TC001_RegistrationTest - ------------Clicked on register page-------------------
16:14:27.255 [TestNG-tests-3] INFO  testCases.TC001_RegistrationTest - ------------providing customer details-------------------
12:45:46.025 [main] INFO  testCases.TC002_LoginTest - --------------TC002_LoginTest------------
16:51:43.909 [main] INFO  testCases.TC002_LoginTest - --------------TC002_LoginTest------------
16:51:46.463 [main] INFO  testCases.TC002_LoginTest - --------------Finished LoginTest------------
